<?xml version="1.0" encoding="UTF-8"?>
<!-- Generated by org.testng.reporters.JUnitReportReporter -->
<testsuite hostname="DESKTOP-F6N48EA" failures="1" tests="1" name="com.auto.tests.RegistrationTests" time="0.002" errors="0" timestamp="30 Apr 2021 18:13:56 GMT">
  <testcase classname="com.auto.tests.RegistrationTests" name="registerUserUsingRandomData" time="0.002">
    <failure message="C:\Users\Ankur.KumarBetala\eclipse-workspace\tdd-automation-framework-main\tdd-automation-framework-main\tdd-automation-framework\src\test\resources\configs\null.properties (The system cannot find the file specified)" type="java.io.FileNotFoundException">
      <![CDATA[java.io.FileNotFoundException: C:\Users\Ankur.KumarBetala\eclipse-workspace\tdd-automation-framework-main\tdd-automation-framework-main\tdd-automation-framework\src\test\resources\configs\null.properties (The system cannot find the file specified)
	at java.base/java.io.FileInputStream.open0(Native Method)
	at java.base/java.io.FileInputStream.open(FileInputStream.java:211)
	at java.base/java.io.FileInputStream.<init>(FileInputStream.java:153)
	at com.framework.core.helpers.PropertyLoader.loadPropertyFile(PropertyLoader.java:15)
	at com.framework.core.helpers.PropertyLoader.fetchProperty(PropertyLoader.java:21)
	at com.framework.core.helpers.Configs.initializeEnvironmentProperties(Configs.java:33)
	at com.framework.core.helpers.Hooks.setUpEnvironment(Hooks.java:24)
	at java.base/jdk.internal.reflect.NativeMethodAccessorImpl.invoke0(Native Method)
	at java.base/jdk.internal.reflect.NativeMethodAccessorImpl.invoke(NativeMethodAccessorImpl.java:64)
	at java.base/jdk.internal.reflect.DelegatingMethodAccessorImpl.invoke(DelegatingMethodAccessorImpl.java:43)
	at java.base/java.lang.reflect.Method.invoke(Method.java:564)
	at org.testng.internal.MethodInvocationHelper.invokeMethod(MethodInvocationHelper.java:84)
	at org.testng.internal.Invoker.invokeConfigurationMethod(Invoker.java:564)
	at org.testng.internal.Invoker.invokeConfigurations(Invoker.java:213)
	at org.testng.internal.Invoker.invokeConfigurations(Invoker.java:138)
	at org.testng.SuiteRunner.privateRun(SuiteRunner.java:277)
	at org.testng.SuiteRunner.run(SuiteRunner.java:240)
	at org.testng.SuiteRunnerWorker.runSuite(SuiteRunnerWorker.java:52)
	at org.testng.SuiteRunnerWorker.run(SuiteRunnerWorker.java:86)
	at org.testng.TestNG.runSuitesSequentially(TestNG.java:1224)
	at org.testng.TestNG.runSuitesLocally(TestNG.java:1149)
	at org.testng.TestNG.run(TestNG.java:1057)
	at org.testng.remote.AbstractRemoteTestNG.run(AbstractRemoteTestNG.java:115)
	at org.testng.remote.RemoteTestNG.initAndRun(RemoteTestNG.java:251)
	at org.testng.remote.RemoteTestNG.main(RemoteTestNG.java:77)
]]>
    </failure>
  </testcase> <!-- registerUserUsingRandomData -->
</testsuite> <!-- com.auto.tests.RegistrationTests -->
