<?xml version="1.0" encoding="UTF-8"?>
<!-- Generated by org.testng.reporters.JUnitXMLReporter -->
<testsuite hostname="DESKTOP-F6N48EA" failures="0" tests="1" name="Default test" time="0.032" errors="0" timestamp="30 Apr 2021 18:58:13 GMT">
  <testcase classname="com.auto.tests.D365LoginTest" name="@BeforeSuite setUpEnvironment" time="0.0">
    <failure type="java.io.FileNotFoundException" message="C:\Users\Ankur.KumarBetala\eclipse-workspace\tdd-automation-framework-main\tdd-automation-framework-main\tdd-automation-framework\src\test\resources\configs\null.properties (The system cannot find the file specified)">
      <![CDATA[java.io.FileNotFoundException: C:\Users\Ankur.KumarBetala\eclipse-workspace\tdd-automation-framework-main\tdd-automation-framework-main\tdd-automation-framework\src\test\resources\configs\null.properties (The system cannot find the file specified)
	at java.base/java.io.FileInputStream.open0(Native Method)
	at java.base/java.io.FileInputStream.open(FileInputStream.java:211)
	at java.base/java.io.FileInputStream.<init>(FileInputStream.java:153)
	at com.framework.core.helpers.PropertyLoader.loadPropertyFile(PropertyLoader.java:15)
	at com.framework.core.helpers.PropertyLoader.fetchProperty(PropertyLoader.java:21)
	at com.framework.core.helpers.Configs.initializeEnvironmentProperties(Configs.java:33)
	at com.framework.core.helpers.Hooks.setUpEnvironment(Hooks.java:24)
	at java.base/jdk.internal.reflect.NativeMethodAccessorImpl.invoke0(Native Method)
	at java.base/jdk.internal.reflect.NativeMethodAccessorImpl.invoke(NativeMethodAccessorImpl.java:64)
	at java.base/jdk.internal.reflect.DelegatingMethodAccessorImpl.invoke(DelegatingMethodAccessorImpl.java:43)
	at java.base/java.lang.reflect.Method.invoke(Method.java:564)
	at org.testng.internal.MethodInvocationHelper.invokeMethod(MethodInvocationHelper.java:84)
	at org.testng.internal.Invoker.invokeConfigurationMethod(Invoker.java:564)
	at org.testng.internal.Invoker.invokeConfigurations(Invoker.java:213)
	at org.testng.internal.Invoker.invokeConfigurations(Invoker.java:138)
	at org.testng.SuiteRunner.privateRun(SuiteRunner.java:277)
	at org.testng.SuiteRunner.run(SuiteRunner.java:240)
	at org.testng.SuiteRunnerWorker.runSuite(SuiteRunnerWorker.java:52)
	at org.testng.SuiteRunnerWorker.run(SuiteRunnerWorker.java:86)
	at org.testng.TestNG.runSuitesSequentially(TestNG.java:1224)
	at org.testng.TestNG.runSuitesLocally(TestNG.java:1149)
	at org.testng.TestNG.run(TestNG.java:1057)
	at org.testng.remote.AbstractRemoteTestNG.run(AbstractRemoteTestNG.java:115)
	at org.testng.remote.RemoteTestNG.initAndRun(RemoteTestNG.java:251)
	at org.testng.remote.RemoteTestNG.main(RemoteTestNG.java:77)
]]>
    </failure>
  </testcase> <!-- @BeforeSuite setUpEnvironment -->
  <testcase classname="com.auto.tests.D365LoginTest" name="@BeforeTest setUpTestConfigs" time="0.0">
    <skipped/>
  </testcase> <!-- @BeforeTest setUpTestConfigs -->
  <testcase classname="com.auto.tests.D365LoginTest" name="@BeforeMethod initBrowser" time="0.0">
    <skipped/>
  </testcase> <!-- @BeforeMethod initBrowser -->
  <testcase classname="com.auto.tests.D365LoginTest" name="@AfterMethod TearDownBrowser" time="0.0">
    <skipped/>
  </testcase> <!-- @AfterMethod TearDownBrowser -->
  <testcase classname="com.auto.tests.D365LoginTest" name="@AfterTest tearDownTests" time="0.0">
    <skipped/>
  </testcase> <!-- @AfterTest tearDownTests -->
  <testcase classname="com.auto.tests.D365LoginTest" name="loggingIntoD365" time="0.002">
    <skipped/>
  </testcase> <!-- loggingIntoD365 -->
</testsuite> <!-- Default test -->
